<?xml version="1.0" encoding="UTF-8"?>
<beans xmlns="http://www.springframework.org/schema/beans"
	xmlns:xsi="http://www.w3.org/2001/XMLSchema-instance" xmlns:context="http://www.springframework.org/schema/context"
	xmlns:util="http://www.springframework.org/schema/util" xmlns:tx="http://www.springframework.org/schema/tx"
	xsi:schemaLocation="http://www.springframework.org/schema/beans http://www.springframework.org/schema/beans/spring-beans-3.0.xsd
		http://www.springframework.org/schema/context http://www.springframework.org/schema/context/spring-context-3.0.xsd
		http://www.springframework.org/schema/util http://www.springframework.org/schema/util/spring-util-3.0.xsd http://www.springframework.org/schema/tx 
           http://www.springframework.org/schema/tx/spring-tx-3.0.xsd">

	<!-- Injection par annotation -->
	<context:annotation-config />
	<context:component-scan base-package="com.tapestwitter" />

	<!-- Chargement des properties du projet -->
	<bean id="project-properties"
		class="org.springframework.beans.factory.config.PropertyPlaceholderConfigurer">
		<property name="ignoreUnresolvablePlaceholders">
			<value>true</value>
		</property>
		<property name="locations">
			<list>
				<value>
					classpath*:unitils.properties
				</value>
			</list>
		</property>
	</bean>

	<bean id="dataSource" class="org.unitils.database.UnitilsDataSourceFactoryBean"/>

	<!-- Config de l'EntityManager	-->
	<bean id="entityManagerFactory"
		class="org.springframework.orm.jpa.LocalContainerEntityManagerFactoryBean">
		<property name="persistenceUnitName" value="tapestwitterPersistence" />
		<property name="dataSource" ref="dataSource" />
		<property name="jpaVendorAdapter">
                <bean class="org.unitils.orm.jpa.util.provider.hibernate.UnitilsHibernateJpaVendorAdapter"/>
        </property>
        
		<property name="jpaDialect">
			<bean class="org.springframework.orm.jpa.vendor.HibernateJpaDialect" />
		</property>
	</bean>

    

    <bean id="transactionManager" class="org.springframework.orm.jpa.JpaTransactionManager">
        <property name="entityManagerFactory" ref="entityManagerFactory"/>
    </bean>
    
	<tx:annotation-driven transaction-manager="transactionManager" />

</beans>
 